{"C:\\Users\\moura\\source\\repos\\blog-backend\\src\\app.js": {"path":"C:\\Users\\moura\\source\\repos\\blog-backend\\src\\app.js","statementMap":{"0":{"start":{"line":1,"column":16},"end":{"line":1,"column":34}},"1":{"start":{"line":2,"column":13},"end":{"line":2,"column":28}},"2":{"start":{"line":3,"column":20},"end":{"line":3,"column":45}},"3":{"start":{"line":5,"column":12},"end":{"line":5,"column":21}},"4":{"start":{"line":7,"column":0},"end":{"line":7,"column":16}},"5":{"start":{"line":8,"column":0},"end":{"line":8,"column":24}},"6":{"start":{"line":9,"column":0},"end":{"line":9,"column":31}},"7":{"start":{"line":11,"column":0},"end":{"line":13,"column":3}},"8":{"start":{"line":12,"column":2},"end":{"line":12,"column":38}},"9":{"start":{"line":15,"column":0},"end":{"line":15,"column":21}}},"fnMap":{"0":{"name":"(anonymous_0)","decl":{"start":{"line":11,"column":13},"end":{"line":11,"column":14}},"loc":{"start":{"line":11,"column":27},"end":{"line":13,"column":1}},"line":11}},"branchMap":{},"s":{"0":1,"1":1,"2":1,"3":1,"4":1,"5":1,"6":1,"7":1,"8":0,"9":1},"f":{"0":0},"b":{},"_coverageSchema":"1a1c01bbd47fc00a2c39e90264f33305004495a9","hash":"7d2b52cb0e9bbed165eb30c3e14a8ea1af9a5730"}
,"C:\\Users\\moura\\source\\repos\\blog-backend\\src\\models\\Post.js": {"path":"C:\\Users\\moura\\source\\repos\\blog-backend\\src\\models\\Post.js","statementMap":{"0":{"start":{"line":12,"column":17},"end":{"line":12,"column":36}},"1":{"start":{"line":14,"column":19},"end":{"line":33,"column":1}},"2":{"start":{"line":35,"column":0},"end":{"line":35,"column":52}}},"fnMap":{},"branchMap":{},"s":{"0":1,"1":1,"2":1},"f":{},"b":{},"_coverageSchema":"1a1c01bbd47fc00a2c39e90264f33305004495a9","hash":"4506edd163020481674ca46a324deda5f0dda038"}
,"C:\\Users\\moura\\source\\repos\\blog-backend\\src\\routes\\posts.js": {"path":"C:\\Users\\moura\\source\\repos\\blog-backend\\src\\routes\\posts.js","statementMap":{"0":{"start":{"line":1,"column":16},"end":{"line":1,"column":34}},"1":{"start":{"line":2,"column":15},"end":{"line":2,"column":31}},"2":{"start":{"line":3,"column":13},"end":{"line":3,"column":38}},"3":{"start":{"line":6,"column":0},"end":{"line":17,"column":3}},"4":{"start":{"line":7,"column":2},"end":{"line":16,"column":3}},"5":{"start":{"line":8,"column":17},"end":{"line":8,"column":44}},"6":{"start":{"line":9,"column":4},"end":{"line":9,"column":38}},"7":{"start":{"line":11,"column":4},"end":{"line":13,"column":5}},"8":{"start":{"line":12,"column":6},"end":{"line":12,"column":60}},"9":{"start":{"line":14,"column":4},"end":{"line":14,"column":23}},"10":{"start":{"line":15,"column":4},"end":{"line":15,"column":73}},"11":{"start":{"line":20,"column":0},"end":{"line":28,"column":3}},"12":{"start":{"line":21,"column":2},"end":{"line":27,"column":3}},"13":{"start":{"line":22,"column":18},"end":{"line":22,"column":35}},"14":{"start":{"line":23,"column":4},"end":{"line":23,"column":27}},"15":{"start":{"line":25,"column":4},"end":{"line":25,"column":23}},"16":{"start":{"line":26,"column":4},"end":{"line":26,"column":69}},"17":{"start":{"line":32,"column":0},"end":{"line":46,"column":3}},"18":{"start":{"line":33,"column":2},"end":{"line":45,"column":3}},"19":{"start":{"line":34,"column":17},"end":{"line":34,"column":37}},"20":{"start":{"line":35,"column":18},"end":{"line":40,"column":6}},"21":{"start":{"line":41,"column":4},"end":{"line":41,"column":27}},"22":{"start":{"line":43,"column":4},"end":{"line":43,"column":23}},"23":{"start":{"line":44,"column":4},"end":{"line":44,"column":69}},"24":{"start":{"line":49,"column":0},"end":{"line":58,"column":3}},"25":{"start":{"line":50,"column":2},"end":{"line":57,"column":3}},"26":{"start":{"line":51,"column":17},"end":{"line":51,"column":51}},"27":{"start":{"line":52,"column":4},"end":{"line":52,"column":79}},"28":{"start":{"line":52,"column":15},"end":{"line":52,"column":79}},"29":{"start":{"line":53,"column":4},"end":{"line":53,"column":26}},"30":{"start":{"line":55,"column":4},"end":{"line":55,"column":23}},"31":{"start":{"line":56,"column":4},"end":{"line":56,"column":68}},"32":{"start":{"line":61,"column":0},"end":{"line":77,"column":3}},"33":{"start":{"line":62,"column":2},"end":{"line":76,"column":3}},"34":{"start":{"line":63,"column":20},"end":{"line":67,"column":5}},"35":{"start":{"line":68,"column":4},"end":{"line":68,"column":82}},"36":{"start":{"line":68,"column":18},"end":{"line":68,"column":82}},"37":{"start":{"line":69,"column":4},"end":{"line":69,"column":29}},"38":{"start":{"line":71,"column":4},"end":{"line":73,"column":5}},"39":{"start":{"line":72,"column":6},"end":{"line":72,"column":60}},"40":{"start":{"line":74,"column":4},"end":{"line":74,"column":23}},"41":{"start":{"line":75,"column":4},"end":{"line":75,"column":68}},"42":{"start":{"line":80,"column":0},"end":{"line":89,"column":3}},"43":{"start":{"line":81,"column":2},"end":{"line":88,"column":3}},"44":{"start":{"line":82,"column":20},"end":{"line":82,"column":63}},"45":{"start":{"line":83,"column":4},"end":{"line":83,"column":82}},"46":{"start":{"line":83,"column":18},"end":{"line":83,"column":82}},"47":{"start":{"line":84,"column":4},"end":{"line":84,"column":34}},"48":{"start":{"line":86,"column":4},"end":{"line":86,"column":23}},"49":{"start":{"line":87,"column":4},"end":{"line":87,"column":69}},"50":{"start":{"line":91,"column":0},"end":{"line":91,"column":24}}},"fnMap":{"0":{"name":"(anonymous_0)","decl":{"start":{"line":6,"column":17},"end":{"line":6,"column":18}},"loc":{"start":{"line":6,"column":37},"end":{"line":17,"column":1}},"line":6},"1":{"name":"(anonymous_1)","decl":{"start":{"line":20,"column":16},"end":{"line":20,"column":17}},"loc":{"start":{"line":20,"column":36},"end":{"line":28,"column":1}},"line":20},"2":{"name":"(anonymous_2)","decl":{"start":{"line":32,"column":22},"end":{"line":32,"column":23}},"loc":{"start":{"line":32,"column":42},"end":{"line":46,"column":1}},"line":32},"3":{"name":"(anonymous_3)","decl":{"start":{"line":49,"column":19},"end":{"line":49,"column":20}},"loc":{"start":{"line":49,"column":39},"end":{"line":58,"column":1}},"line":49},"4":{"name":"(anonymous_4)","decl":{"start":{"line":61,"column":19},"end":{"line":61,"column":20}},"loc":{"start":{"line":61,"column":39},"end":{"line":77,"column":1}},"line":61},"5":{"name":"(anonymous_5)","decl":{"start":{"line":80,"column":22},"end":{"line":80,"column":23}},"loc":{"start":{"line":80,"column":42},"end":{"line":89,"column":1}},"line":80}},"branchMap":{"0":{"loc":{"start":{"line":11,"column":4},"end":{"line":13,"column":5}},"type":"if","locations":[{"start":{"line":11,"column":4},"end":{"line":13,"column":5}},{"start":{},"end":{}}],"line":11},"1":{"loc":{"start":{"line":34,"column":17},"end":{"line":34,"column":37}},"type":"binary-expr","locations":[{"start":{"line":34,"column":17},"end":{"line":34,"column":31}},{"start":{"line":34,"column":35},"end":{"line":34,"column":37}}],"line":34},"2":{"loc":{"start":{"line":52,"column":4},"end":{"line":52,"column":79}},"type":"if","locations":[{"start":{"line":52,"column":4},"end":{"line":52,"column":79}},{"start":{},"end":{}}],"line":52},"3":{"loc":{"start":{"line":68,"column":4},"end":{"line":68,"column":82}},"type":"if","locations":[{"start":{"line":68,"column":4},"end":{"line":68,"column":82}},{"start":{},"end":{}}],"line":68},"4":{"loc":{"start":{"line":71,"column":4},"end":{"line":73,"column":5}},"type":"if","locations":[{"start":{"line":71,"column":4},"end":{"line":73,"column":5}},{"start":{},"end":{}}],"line":71},"5":{"loc":{"start":{"line":83,"column":4},"end":{"line":83,"column":82}},"type":"if","locations":[{"start":{"line":83,"column":4},"end":{"line":83,"column":82}},{"start":{},"end":{}}],"line":83}},"s":{"0":1,"1":1,"2":1,"3":1,"4":2,"5":2,"6":1,"7":1,"8":1,"9":0,"10":0,"11":1,"12":1,"13":1,"14":1,"15":0,"16":0,"17":1,"18":1,"19":1,"20":1,"21":1,"22":0,"23":0,"24":1,"25":2,"26":2,"27":2,"28":1,"29":1,"30":0,"31":0,"32":1,"33":1,"34":1,"35":1,"36":0,"37":1,"38":0,"39":0,"40":0,"41":0,"42":1,"43":2,"44":2,"45":2,"46":1,"47":1,"48":0,"49":0,"50":1},"f":{"0":2,"1":1,"2":1,"3":2,"4":1,"5":2},"b":{"0":[1,0],"1":[1,0],"2":[1,1],"3":[0,1],"4":[0,0],"5":[1,1]},"_coverageSchema":"1a1c01bbd47fc00a2c39e90264f33305004495a9","hash":"9daa4d9695b184c171087fb03775fc482ce3045b"}
}
