{"C:\\Users\\moura\\source\\repos\\blog-backend\\src\\app.js": {"path":"C:\\Users\\moura\\source\\repos\\blog-backend\\src\\app.js","statementMap":{"0":{"start":{"line":1,"column":16},"end":{"line":1,"column":34}},"1":{"start":{"line":2,"column":13},"end":{"line":2,"column":28}},"2":{"start":{"line":3,"column":20},"end":{"line":3,"column":45}},"3":{"start":{"line":5,"column":12},"end":{"line":5,"column":21}},"4":{"start":{"line":7,"column":0},"end":{"line":7,"column":16}},"5":{"start":{"line":8,"column":0},"end":{"line":8,"column":24}},"6":{"start":{"line":9,"column":0},"end":{"line":9,"column":31}},"7":{"start":{"line":11,"column":0},"end":{"line":13,"column":3}},"8":{"start":{"line":12,"column":2},"end":{"line":12,"column":38}},"9":{"start":{"line":15,"column":0},"end":{"line":15,"column":21}}},"fnMap":{"0":{"name":"(anonymous_0)","decl":{"start":{"line":11,"column":13},"end":{"line":11,"column":14}},"loc":{"start":{"line":11,"column":27},"end":{"line":13,"column":1}},"line":11}},"branchMap":{},"s":{"0":1,"1":1,"2":1,"3":1,"4":1,"5":1,"6":1,"7":1,"8":0,"9":1},"f":{"0":0},"b":{},"_coverageSchema":"1a1c01bbd47fc00a2c39e90264f33305004495a9","hash":"7d2b52cb0e9bbed165eb30c3e14a8ea1af9a5730"}
,"C:\\Users\\moura\\source\\repos\\blog-backend\\src\\models\\Post.js": {"path":"C:\\Users\\moura\\source\\repos\\blog-backend\\src\\models\\Post.js","statementMap":{"0":{"start":{"line":1,"column":17},"end":{"line":1,"column":36}},"1":{"start":{"line":3,"column":19},"end":{"line":7,"column":24}},"2":{"start":{"line":9,"column":0},"end":{"line":9,"column":52}}},"fnMap":{},"branchMap":{},"s":{"0":1,"1":1,"2":1},"f":{},"b":{},"_coverageSchema":"1a1c01bbd47fc00a2c39e90264f33305004495a9","hash":"efa309ba025ceb48eb954466c90b5769e1bfe180"}
,"C:\\Users\\moura\\source\\repos\\blog-backend\\src\\routes\\posts.js": {"path":"C:\\Users\\moura\\source\\repos\\blog-backend\\src\\routes\\posts.js","statementMap":{"0":{"start":{"line":1,"column":16},"end":{"line":1,"column":34}},"1":{"start":{"line":2,"column":15},"end":{"line":2,"column":31}},"2":{"start":{"line":3,"column":13},"end":{"line":3,"column":38}},"3":{"start":{"line":6,"column":0},"end":{"line":9,"column":3}},"4":{"start":{"line":7,"column":16},"end":{"line":7,"column":33}},"5":{"start":{"line":8,"column":2},"end":{"line":8,"column":18}},"6":{"start":{"line":12,"column":0},"end":{"line":21,"column":5}},"7":{"start":{"line":13,"column":17},"end":{"line":13,"column":37}},"8":{"start":{"line":14,"column":18},"end":{"line":19,"column":6}},"9":{"start":{"line":20,"column":4},"end":{"line":20,"column":20}},"10":{"start":{"line":24,"column":0},"end":{"line":28,"column":3}},"11":{"start":{"line":25,"column":15},"end":{"line":25,"column":49}},"12":{"start":{"line":26,"column":2},"end":{"line":26,"column":70}},"13":{"start":{"line":26,"column":13},"end":{"line":26,"column":70}},"14":{"start":{"line":27,"column":2},"end":{"line":27,"column":17}},"15":{"start":{"line":31,"column":0},"end":{"line":36,"column":3}},"16":{"start":{"line":32,"column":37},"end":{"line":32,"column":45}},"17":{"start":{"line":33,"column":18},"end":{"line":33,"column":54}},"18":{"start":{"line":34,"column":2},"end":{"line":34,"column":23}},"19":{"start":{"line":35,"column":2},"end":{"line":35,"column":32}},"20":{"start":{"line":39,"column":0},"end":{"line":47,"column":3}},"21":{"start":{"line":40,"column":22},"end":{"line":44,"column":3}},"22":{"start":{"line":45,"column":2},"end":{"line":45,"column":77}},"23":{"start":{"line":45,"column":20},"end":{"line":45,"column":77}},"24":{"start":{"line":46,"column":2},"end":{"line":46,"column":24}},"25":{"start":{"line":50,"column":0},"end":{"line":54,"column":3}},"26":{"start":{"line":51,"column":18},"end":{"line":51,"column":61}},"27":{"start":{"line":52,"column":2},"end":{"line":52,"column":73}},"28":{"start":{"line":52,"column":16},"end":{"line":52,"column":73}},"29":{"start":{"line":53,"column":2},"end":{"line":53,"column":25}},"30":{"start":{"line":56,"column":0},"end":{"line":56,"column":24}}},"fnMap":{"0":{"name":"(anonymous_0)","decl":{"start":{"line":6,"column":16},"end":{"line":6,"column":17}},"loc":{"start":{"line":6,"column":36},"end":{"line":9,"column":1}},"line":6},"1":{"name":"(anonymous_1)","decl":{"start":{"line":12,"column":22},"end":{"line":12,"column":23}},"loc":{"start":{"line":12,"column":42},"end":{"line":21,"column":3}},"line":12},"2":{"name":"(anonymous_2)","decl":{"start":{"line":24,"column":19},"end":{"line":24,"column":20}},"loc":{"start":{"line":24,"column":39},"end":{"line":28,"column":1}},"line":24},"3":{"name":"(anonymous_3)","decl":{"start":{"line":31,"column":17},"end":{"line":31,"column":18}},"loc":{"start":{"line":31,"column":37},"end":{"line":36,"column":1}},"line":31},"4":{"name":"(anonymous_4)","decl":{"start":{"line":39,"column":19},"end":{"line":39,"column":20}},"loc":{"start":{"line":39,"column":39},"end":{"line":47,"column":1}},"line":39},"5":{"name":"(anonymous_5)","decl":{"start":{"line":50,"column":22},"end":{"line":50,"column":23}},"loc":{"start":{"line":50,"column":42},"end":{"line":54,"column":1}},"line":50}},"branchMap":{"0":{"loc":{"start":{"line":13,"column":17},"end":{"line":13,"column":37}},"type":"binary-expr","locations":[{"start":{"line":13,"column":17},"end":{"line":13,"column":31}},{"start":{"line":13,"column":35},"end":{"line":13,"column":37}}],"line":13},"1":{"loc":{"start":{"line":26,"column":2},"end":{"line":26,"column":70}},"type":"if","locations":[{"start":{"line":26,"column":2},"end":{"line":26,"column":70}},{"start":{},"end":{}}],"line":26},"2":{"loc":{"start":{"line":45,"column":2},"end":{"line":45,"column":77}},"type":"if","locations":[{"start":{"line":45,"column":2},"end":{"line":45,"column":77}},{"start":{},"end":{}}],"line":45},"3":{"loc":{"start":{"line":52,"column":2},"end":{"line":52,"column":73}},"type":"if","locations":[{"start":{"line":52,"column":2},"end":{"line":52,"column":73}},{"start":{},"end":{}}],"line":52}},"s":{"0":1,"1":1,"2":1,"3":1,"4":0,"5":0,"6":1,"7":0,"8":0,"9":0,"10":1,"11":0,"12":0,"13":0,"14":0,"15":1,"16":0,"17":0,"18":0,"19":0,"20":1,"21":0,"22":0,"23":0,"24":0,"25":1,"26":0,"27":0,"28":0,"29":0,"30":1},"f":{"0":0,"1":0,"2":0,"3":0,"4":0,"5":0},"b":{"0":[0,0],"1":[0,0],"2":[0,0],"3":[0,0]},"_coverageSchema":"1a1c01bbd47fc00a2c39e90264f33305004495a9","hash":"c898ff48aca8d6ece9aea727c539ce2812fa873c"}
}
