TN:
SF:src\app.js
FN:11,(anonymous_0)
FNF:1
FNH:0
FNDA:0,(anonymous_0)
DA:1,1
DA:2,1
DA:3,1
DA:5,1
DA:7,1
DA:8,1
DA:9,1
DA:11,1
DA:12,0
DA:15,1
LF:10
LH:9
BRF:0
BRH:0
end_of_record
TN:
SF:src\models\Post.js
FNF:0
FNH:0
DA:1,1
DA:3,1
DA:9,1
LF:3
LH:3
BRF:0
BRH:0
end_of_record
TN:
SF:src\routes\posts.js
FN:6,(anonymous_0)
FN:16,(anonymous_1)
FN:32,(anonymous_2)
FN:43,(anonymous_3)
FN:58,(anonymous_4)
FN:73,(anonymous_5)
FNF:6
FNH:6
FNDA:1,(anonymous_0)
FNDA:1,(anonymous_1)
FNDA:2,(anonymous_2)
FNDA:2,(anonymous_3)
FNDA:1,(anonymous_4)
FNDA:2,(anonymous_5)
DA:1,1
DA:2,1
DA:3,1
DA:6,1
DA:7,1
DA:8,1
DA:9,1
DA:11,0
DA:16,1
DA:17,1
DA:18,1
DA:19,1
DA:25,1
DA:27,0
DA:32,1
DA:33,2
DA:34,2
DA:35,2
DA:36,1
DA:38,0
DA:43,1
DA:44,2
DA:45,2
DA:46,2
DA:47,1
DA:49,1
DA:50,1
DA:51,1
DA:53,0
DA:58,1
DA:59,1
DA:60,1
DA:65,1
DA:66,1
DA:68,0
DA:73,1
DA:74,2
DA:75,2
DA:76,2
DA:77,1
DA:79,0
DA:83,1
LF:42
LH:36
BRDA:18,0,0,1
BRDA:18,0,1,0
BRDA:35,1,0,1
BRDA:35,1,1,1
BRDA:46,2,0,1
BRDA:46,2,1,1
BRDA:46,3,0,2
BRDA:46,3,1,1
BRDA:46,3,2,1
BRDA:65,4,0,0
BRDA:65,4,1,1
BRDA:76,5,0,1
BRDA:76,5,1,1
BRF:13
BRH:11
end_of_record
